2022-04-27T13:40:19+00:00 CRITICAL Uncaught TypeError: parse_url(): Argument #1 ($url) must be of type string, array given in /Applications/MAMP/htdocs/wordpress-webshop/wp-includes/rewrite.php:500
Stack trace:
#0 /Applications/MAMP/htdocs/wordpress-webshop/wp-includes/rewrite.php(500): parse_url(Array, 1)
#1 /Applications/MAMP/htdocs/wordpress-webshop/wp-includes/embed.php(662): url_to_postid(Array)
#2 /Applications/MAMP/htdocs/wordpress-webshop/wp-includes/embed.php(1231): get_oembed_response_data_for_url(Array, Array)
#3 /Applications/MAMP/htdocs/wordpress-webshop/wp-includes/class-wp-hook.php(307): wp_filter_pre_oembed_result(NULL, Array, Array)
#4 /Applications/MAMP/htdocs/wordpress-webshop/wp-includes/plugin.php(189): WP_Hook->apply_filters(NULL, Array)
#5 /Applications/MAMP/htdocs/wordpress-webshop/wp-includes/class-wp-oembed.php(395): apply_filters('pre_oembed_resu...', NULL, Array, Array)
#6 /Applications/MAMP/htdocs/wordpress-webshop/wp-includes/embed.php(115): WP_oEmbed->get_html(Array, Array)
#7 /Applications/MAMP/htdocs/wordpress-webshop/wp-content/plugins/advanced-custom-fields/includes/fields/class-acf-field-oembed.php(93): wp_oembed_get(Array, Array)
#8 /Applications/MAMP/htdocs/wordpress-webshop/wp-content/plugins/advanced-custom-fields/includes/fields/class-acf-field-oembed.php(244): acf_field_oembed->wp_oembed_get(Array, 640, 390)
#9 /Applications/MAMP/htdocs/wordpress-webshop/wp-includes/class-wp-hook.php(307): acf_field_oembed->render_field(Array)
#10 /Applications/MAMP/htdocs/wordpress-webshop/wp-includes/class-wp-hook.php(331): WP_Hook->apply_filters('', Array)
#11 /Applications/MAMP/htdocs/wordpress-webshop/wp-includes/plugin.php(522): WP_Hook->do_action(Array)
#12 /Applications/MAMP/htdocs/wordpress-webshop/wp-content/plugins/advanced-custom-fields/includes/acf-hook-functions.php(113): do_action_ref_array('acf/render_fiel...', Array)
#13 /Applications/MAMP/htdocs/wordpress-webshop/wp-includes/class-wp-hook.php(307): _acf_apply_hook_variations(Array)
#14 /Applications/MAMP/htdocs/wordpress-webshop/wp-includes/class-wp-hook.php(331): WP_Hook->apply_filters('', Array)
#15 /Applications/MAMP/htdocs/wordpress-webshop/wp-includes/plugin.php(474): WP_Hook->do_action(Array)
#16 /Applications/MAMP/htdocs/wordpress-webshop/wp-content/plugins/advanced-custom-fields/includes/acf-field-functions.php(794): do_action('acf/render_fiel...', Array)
#17 /Applications/MAMP/htdocs/wordpress-webshop/wp-content/plugins/advanced-custom-fields/includes/acf-field-functions.php(754): acf_render_field(Array)
#18 /Applications/MAMP/htdocs/wordpress-webshop/wp-content/plugins/advanced-custom-fields/includes/acf-field-functions.php(613): acf_render_field_wrap(Array, 'div', 'label')
#19 /Applications/MAMP/htdocs/wordpress-webshop/wp-content/plugins/advanced-custom-fields/includes/forms/form-post.php(218): acf_render_fields(Array, 158, 'div', 'label')
#20 /Applications/MAMP/htdocs/wordpress-webshop/wp-admin/includes/template.php(1395): ACF_Form_Post->render_meta_box(Object(WP_Post), Array)
#21 /Applications/MAMP/htdocs/wordpress-webshop/wp-admin/includes/post.php(2298): do_meta_boxes(Object(WP_Screen), 'normal', Object(WP_Post))
#22 /Applications/MAMP/htdocs/wordpress-webshop/wp-admin/edit-form-blocks.php(309): the_block_editor_meta_boxes()
#23 /Applications/MAMP/htdocs/wordpress-webshop/wp-admin/post.php(187): require('/Applications/M...')
#24 {main}
  thrown i /Applications/MAMP/htdocs/wordpress-webshop/wp-includes/rewrite.php p책 rad 500

2022-04-27T13:40:30+00:00 CRITICAL Uncaught TypeError: parse_url(): Argument #1 ($url) must be of type string, array given in /Applications/MAMP/htdocs/wordpress-webshop/wp-includes/rewrite.php:500
Stack trace:
#0 /Applications/MAMP/htdocs/wordpress-webshop/wp-includes/rewrite.php(500): parse_url(Array, 1)
#1 /Applications/MAMP/htdocs/wordpress-webshop/wp-includes/embed.php(662): url_to_postid(Array)
#2 /Applications/MAMP/htdocs/wordpress-webshop/wp-includes/embed.php(1231): get_oembed_response_data_for_url(Array, Array)
#3 /Applications/MAMP/htdocs/wordpress-webshop/wp-includes/class-wp-hook.php(307): wp_filter_pre_oembed_result(NULL, Array, Array)
#4 /Applications/MAMP/htdocs/wordpress-webshop/wp-includes/plugin.php(189): WP_Hook->apply_filters(NULL, Array)
#5 /Applications/MAMP/htdocs/wordpress-webshop/wp-includes/class-wp-oembed.php(395): apply_filters('pre_oembed_resu...', NULL, Array, Array)
#6 /Applications/MAMP/htdocs/wordpress-webshop/wp-includes/embed.php(115): WP_oEmbed->get_html(Array, Array)
#7 /Applications/MAMP/htdocs/wordpress-webshop/wp-content/plugins/advanced-custom-fields/includes/fields/class-acf-field-oembed.php(93): wp_oembed_get(Array, Array)
#8 /Applications/MAMP/htdocs/wordpress-webshop/wp-content/plugins/advanced-custom-fields/includes/fields/class-acf-field-oembed.php(244): acf_field_oembed->wp_oembed_get(Array, 640, 390)
#9 /Applications/MAMP/htdocs/wordpress-webshop/wp-includes/class-wp-hook.php(307): acf_field_oembed->render_field(Array)
#10 /Applications/MAMP/htdocs/wordpress-webshop/wp-includes/class-wp-hook.php(331): WP_Hook->apply_filters('', Array)
#11 /Applications/MAMP/htdocs/wordpress-webshop/wp-includes/plugin.php(522): WP_Hook->do_action(Array)
#12 /Applications/MAMP/htdocs/wordpress-webshop/wp-content/plugins/advanced-custom-fields/includes/acf-hook-functions.php(113): do_action_ref_array('acf/render_fiel...', Array)
#13 /Applications/MAMP/htdocs/wordpress-webshop/wp-includes/class-wp-hook.php(307): _acf_apply_hook_variations(Array)
#14 /Applications/MAMP/htdocs/wordpress-webshop/wp-includes/class-wp-hook.php(331): WP_Hook->apply_filters('', Array)
#15 /Applications/MAMP/htdocs/wordpress-webshop/wp-includes/plugin.php(474): WP_Hook->do_action(Array)
#16 /Applications/MAMP/htdocs/wordpress-webshop/wp-content/plugins/advanced-custom-fields/includes/acf-field-functions.php(794): do_action('acf/render_fiel...', Array)
#17 /Applications/MAMP/htdocs/wordpress-webshop/wp-content/plugins/advanced-custom-fields/includes/acf-field-functions.php(754): acf_render_field(Array)
#18 /Applications/MAMP/htdocs/wordpress-webshop/wp-content/plugins/advanced-custom-fields/includes/acf-field-functions.php(613): acf_render_field_wrap(Array, 'div', 'label')
#19 /Applications/MAMP/htdocs/wordpress-webshop/wp-content/plugins/advanced-custom-fields/includes/forms/form-post.php(218): acf_render_fields(Array, 158, 'div', 'label')
#20 /Applications/MAMP/htdocs/wordpress-webshop/wp-admin/includes/template.php(1395): ACF_Form_Post->render_meta_box(Object(WP_Post), Array)
#21 /Applications/MAMP/htdocs/wordpress-webshop/wp-admin/includes/post.php(2298): do_meta_boxes(Object(WP_Screen), 'normal', Object(WP_Post))
#22 /Applications/MAMP/htdocs/wordpress-webshop/wp-admin/edit-form-blocks.php(309): the_block_editor_meta_boxes()
#23 /Applications/MAMP/htdocs/wordpress-webshop/wp-admin/post.php(187): require('/Applications/M...')
#24 {main}
  thrown i /Applications/MAMP/htdocs/wordpress-webshop/wp-includes/rewrite.php p책 rad 500

2022-04-27T13:40:37+00:00 CRITICAL Uncaught TypeError: parse_url(): Argument #1 ($url) must be of type string, array given in /Applications/MAMP/htdocs/wordpress-webshop/wp-includes/rewrite.php:500
Stack trace:
#0 /Applications/MAMP/htdocs/wordpress-webshop/wp-includes/rewrite.php(500): parse_url(Array, 1)
#1 /Applications/MAMP/htdocs/wordpress-webshop/wp-includes/embed.php(662): url_to_postid(Array)
#2 /Applications/MAMP/htdocs/wordpress-webshop/wp-includes/embed.php(1231): get_oembed_response_data_for_url(Array, Array)
#3 /Applications/MAMP/htdocs/wordpress-webshop/wp-includes/class-wp-hook.php(307): wp_filter_pre_oembed_result(NULL, Array, Array)
#4 /Applications/MAMP/htdocs/wordpress-webshop/wp-includes/plugin.php(189): WP_Hook->apply_filters(NULL, Array)
#5 /Applications/MAMP/htdocs/wordpress-webshop/wp-includes/class-wp-oembed.php(395): apply_filters('pre_oembed_resu...', NULL, Array, Array)
#6 /Applications/MAMP/htdocs/wordpress-webshop/wp-includes/embed.php(115): WP_oEmbed->get_html(Array, Array)
#7 /Applications/MAMP/htdocs/wordpress-webshop/wp-content/plugins/advanced-custom-fields/includes/fields/class-acf-field-oembed.php(93): wp_oembed_get(Array, Array)
#8 /Applications/MAMP/htdocs/wordpress-webshop/wp-content/plugins/advanced-custom-fields/includes/fields/class-acf-field-oembed.php(244): acf_field_oembed->wp_oembed_get(Array, 640, 390)
#9 /Applications/MAMP/htdocs/wordpress-webshop/wp-includes/class-wp-hook.php(307): acf_field_oembed->render_field(Array)
#10 /Applications/MAMP/htdocs/wordpress-webshop/wp-includes/class-wp-hook.php(331): WP_Hook->apply_filters('', Array)
#11 /Applications/MAMP/htdocs/wordpress-webshop/wp-includes/plugin.php(522): WP_Hook->do_action(Array)
#12 /Applications/MAMP/htdocs/wordpress-webshop/wp-content/plugins/advanced-custom-fields/includes/acf-hook-functions.php(113): do_action_ref_array('acf/render_fiel...', Array)
#13 /Applications/MAMP/htdocs/wordpress-webshop/wp-includes/class-wp-hook.php(307): _acf_apply_hook_variations(Array)
#14 /Applications/MAMP/htdocs/wordpress-webshop/wp-includes/class-wp-hook.php(331): WP_Hook->apply_filters('', Array)
#15 /Applications/MAMP/htdocs/wordpress-webshop/wp-includes/plugin.php(474): WP_Hook->do_action(Array)
#16 /Applications/MAMP/htdocs/wordpress-webshop/wp-content/plugins/advanced-custom-fields/includes/acf-field-functions.php(794): do_action('acf/render_fiel...', Array)
#17 /Applications/MAMP/htdocs/wordpress-webshop/wp-content/plugins/advanced-custom-fields/includes/acf-field-functions.php(754): acf_render_field(Array)
#18 /Applications/MAMP/htdocs/wordpress-webshop/wp-content/plugins/advanced-custom-fields/includes/acf-field-functions.php(613): acf_render_field_wrap(Array, 'div', 'label')
#19 /Applications/MAMP/htdocs/wordpress-webshop/wp-content/plugins/advanced-custom-fields/includes/forms/form-post.php(218): acf_render_fields(Array, 158, 'div', 'label')
#20 /Applications/MAMP/htdocs/wordpress-webshop/wp-admin/includes/template.php(1395): ACF_Form_Post->render_meta_box(Object(WP_Post), Array)
#21 /Applications/MAMP/htdocs/wordpress-webshop/wp-admin/includes/post.php(2298): do_meta_boxes(Object(WP_Screen), 'normal', Object(WP_Post))
#22 /Applications/MAMP/htdocs/wordpress-webshop/wp-admin/edit-form-blocks.php(309): the_block_editor_meta_boxes()
#23 /Applications/MAMP/htdocs/wordpress-webshop/wp-admin/post.php(187): require('/Applications/M...')
#24 {main}
  thrown i /Applications/MAMP/htdocs/wordpress-webshop/wp-includes/rewrite.php p책 rad 500

2022-04-27T13:42:43+00:00 CRITICAL Uncaught TypeError: parse_url(): Argument #1 ($url) must be of type string, array given in /Applications/MAMP/htdocs/wordpress-webshop/wp-includes/rewrite.php:500
Stack trace:
#0 /Applications/MAMP/htdocs/wordpress-webshop/wp-includes/rewrite.php(500): parse_url(Array, 1)
#1 /Applications/MAMP/htdocs/wordpress-webshop/wp-includes/embed.php(662): url_to_postid(Array)
#2 /Applications/MAMP/htdocs/wordpress-webshop/wp-includes/embed.php(1231): get_oembed_response_data_for_url(Array, Array)
#3 /Applications/MAMP/htdocs/wordpress-webshop/wp-includes/class-wp-hook.php(307): wp_filter_pre_oembed_result(NULL, Array, Array)
#4 /Applications/MAMP/htdocs/wordpress-webshop/wp-includes/plugin.php(189): WP_Hook->apply_filters(NULL, Array)
#5 /Applications/MAMP/htdocs/wordpress-webshop/wp-includes/class-wp-oembed.php(395): apply_filters('pre_oembed_resu...', NULL, Array, Array)
#6 /Applications/MAMP/htdocs/wordpress-webshop/wp-includes/embed.php(115): WP_oEmbed->get_html(Array, Array)
#7 /Applications/MAMP/htdocs/wordpress-webshop/wp-content/plugins/advanced-custom-fields/includes/fields/class-acf-field-oembed.php(93): wp_oembed_get(Array, Array)
#8 /Applications/MAMP/htdocs/wordpress-webshop/wp-content/plugins/advanced-custom-fields/includes/fields/class-acf-field-oembed.php(244): acf_field_oembed->wp_oembed_get(Array, 640, 390)
#9 /Applications/MAMP/htdocs/wordpress-webshop/wp-includes/class-wp-hook.php(307): acf_field_oembed->render_field(Array)
#10 /Applications/MAMP/htdocs/wordpress-webshop/wp-includes/class-wp-hook.php(331): WP_Hook->apply_filters('', Array)
#11 /Applications/MAMP/htdocs/wordpress-webshop/wp-includes/plugin.php(522): WP_Hook->do_action(Array)
#12 /Applications/MAMP/htdocs/wordpress-webshop/wp-content/plugins/advanced-custom-fields/includes/acf-hook-functions.php(113): do_action_ref_array('acf/render_fiel...', Array)
#13 /Applications/MAMP/htdocs/wordpress-webshop/wp-includes/class-wp-hook.php(307): _acf_apply_hook_variations(Array)
#14 /Applications/MAMP/htdocs/wordpress-webshop/wp-includes/class-wp-hook.php(331): WP_Hook->apply_filters('', Array)
#15 /Applications/MAMP/htdocs/wordpress-webshop/wp-includes/plugin.php(474): WP_Hook->do_action(Array)
#16 /Applications/MAMP/htdocs/wordpress-webshop/wp-content/plugins/advanced-custom-fields/includes/acf-field-functions.php(794): do_action('acf/render_fiel...', Array)
#17 /Applications/MAMP/htdocs/wordpress-webshop/wp-content/plugins/advanced-custom-fields/includes/acf-field-functions.php(754): acf_render_field(Array)
#18 /Applications/MAMP/htdocs/wordpress-webshop/wp-content/plugins/advanced-custom-fields/includes/acf-field-functions.php(613): acf_render_field_wrap(Array, 'div', 'label')
#19 /Applications/MAMP/htdocs/wordpress-webshop/wp-content/plugins/advanced-custom-fields/includes/forms/form-post.php(218): acf_render_fields(Array, 158, 'div', 'label')
#20 /Applications/MAMP/htdocs/wordpress-webshop/wp-admin/includes/template.php(1395): ACF_Form_Post->render_meta_box(Object(WP_Post), Array)
#21 /Applications/MAMP/htdocs/wordpress-webshop/wp-admin/includes/post.php(2298): do_meta_boxes(Object(WP_Screen), 'normal', Object(WP_Post))
#22 /Applications/MAMP/htdocs/wordpress-webshop/wp-admin/edit-form-blocks.php(309): the_block_editor_meta_boxes()
#23 /Applications/MAMP/htdocs/wordpress-webshop/wp-admin/post.php(187): require('/Applications/M...')
#24 {main}
  thrown i /Applications/MAMP/htdocs/wordpress-webshop/wp-includes/rewrite.php p책 rad 500

